#
# A fatal error has been detected by the Java Runtime Environment:
#
#  EXCEPTION_ACCESS_VIOLATION (0xc0000005) at pc=0x0000000062a38f69, pid=24944, tid=96384
#
# JRE version: 7.0_21-b11
# Java VM: Java HotSpot(TM) 64-Bit Server VM (23.21-b01 mixed mode windows-amd64 compressed oops)
# Problematic frame:
# V  [jvm.dll+0x38f69]
#
# Failed to write core dump. Minidumps are not enabled by default on client versions of Windows
#
# If you would like to submit a bug report, please visit:
#   http://bugreport.sun.com/bugreport/crash.jsp
#

---------------  T H R E A D  ---------------

Current thread (0x000000000c0f9800):  JavaThread "JDWP Transport Listener: dt_socket" daemon [_thread_in_vm, id=96384, stack(0x000000000d680000,0x000000000d780000)]

siginfo: ExceptionCode=0xc0000005, reading address 0x000000000000000c

Registers:
RAX=0x000000000000000c, RBX=0x000000000c0f9800, RCX=0x0000000000000003, RDX=0x0000000000000000
RSP=0x000000000d77f970, RBP=0x000000000000000c, RSI=0x0000000000000000, RDI=0x0000000000000010
R8 =0x00000007d5e29900, R9 =0x0000000000000000, R10=0x0000000000000000, R11=0x0000000000000001
R12=0x0000000000000000, R13=0x0000000000000000, R14=0x0000000000000000, R15=0x0000000000000000
RIP=0x0000000062a38f69, EFLAGS=0x0000000000010246

Top of Stack: (sp=0x000000000d77f970)
0x000000000d77f970:   000000000c0f9800 0000000000000000
0x000000000d77f980:   0000000000000000 000000000c0f9800
0x000000000d77f990:   0000000000000000 0000000062af7ea4
0x000000000d77f9a0:   00000007d5e29900 000000000d77fac0
0x000000000d77f9b0:   000000000c073a68 000000000d77fa90
0x000000000d77f9c0:   000000000c0f9800 0000000000000000
0x000000000d77f9d0:   000000000c073a68 000000000d77fac0
0x000000000d77f9e0:   0000000000000000 0000000000000000
0x000000000d77f9f0:   000000000c0f99d8 0000000062987d15
0x000000000d77fa00:   000000000d77fa90 000000000d77fac0
0x000000000d77fa10:   000000000c073a68 000000000c0f99d8
0x000000000d77fa20:   000000000de00c0a 000000006298f09c
0x000000000d77fa30:   0000000062010a01 000000000d77fb30
0x000000000d77fa40:   000000000c0f0601 0000000000000014
0x000000000d77fa50:   0000021f00000013 0000000062010a00
0x000000000d77fa60:   000000000c11cbd0 000000000c1020b0 

Instructions: (pc=0x0000000062a38f69)
0x0000000062a38f49:   d2 48 8b c5 eb 18 48 8b d0 48 8b c5 48 d3 e2 48
0x0000000062a38f59:   03 15 b1 35 62 00 eb 06 48 8b 12 48 8b c7 48 98
0x0000000062a38f69:   8b 14 10 85 d2 74 2a 45 84 db 4c 63 c6 48 0f 45
0x0000000062a38f79:   fd 8d 47 0b 48 63 c8 48 83 e1 f8 48 c1 e9 03 8d 


Register to memory mapping:

RAX=0x000000000000000c is an unknown value
RBX=0x000000000c0f9800 is a thread
RCX=0x0000000000000003 is an unknown value
RDX=0x0000000000000000 is an unknown value
RSP=0x000000000d77f970 is pointing into the stack for thread: 0x000000000c0f9800
RBP=0x000000000000000c is an unknown value
RSI=0x0000000000000000 is an unknown value
RDI=0x0000000000000010 is an unknown value
R8 =0x00000007d5e29900 is an oop
java.lang.String 
 - klass: 'java/lang/String'
R9 =0x0000000000000000 is an unknown value
R10=0x0000000000000000 is an unknown value
R11=0x0000000000000001 is an unknown value
R12=0x0000000000000000 is an unknown value
R13=0x0000000000000000 is an unknown value
R14=0x0000000000000000 is an unknown value
R15=0x0000000000000000 is an unknown value


Stack: [0x000000000d680000,0x000000000d780000],  sp=0x000000000d77f970,  free space=1022k
Native frames: (J=compiled Java code, j=interpreted, Vv=VM code, C=native code)
V  [jvm.dll+0x38f69]


---------------  P R O C E S S  ---------------

Java Threads: ( => current thread )
  0x000000000c135800 JavaThread "Service Thread" daemon [_thread_blocked, id=62536, stack(0x000000000db80000,0x000000000dc80000)]
  0x000000000c134800 JavaThread "C2 CompilerThread1" daemon [_thread_blocked, id=98856, stack(0x000000000da80000,0x000000000db80000)]
  0x000000000c11c000 JavaThread "C2 CompilerThread0" daemon [_thread_blocked, id=54084, stack(0x000000000d980000,0x000000000da80000)]
  0x000000000c10a800 JavaThread "JDWP Command Reader" daemon [_thread_in_native, id=11356, stack(0x000000000d880000,0x000000000d980000)]
  0x000000000c107000 JavaThread "JDWP Event Helper Thread" daemon [_thread_blocked, id=104352, stack(0x000000000d780000,0x000000000d880000)]
=>0x000000000c0f9800 JavaThread "JDWP Transport Listener: dt_socket" daemon [_thread_in_vm, id=96384, stack(0x000000000d680000,0x000000000d780000)]
  0x000000000c0f3000 JavaThread "Attach Listener" daemon [_thread_blocked, id=97172, stack(0x000000000d580000,0x000000000d680000)]
  0x000000000c0f0000 JavaThread "Signal Dispatcher" daemon [_thread_blocked, id=80012, stack(0x000000000d480000,0x000000000d580000)]
  0x000000000c069000 JavaThread "Finalizer" daemon [_thread_blocked, id=82684, stack(0x000000000d380000,0x000000000d480000)]
  0x000000000c060000 JavaThread "Reference Handler" daemon [_thread_blocked, id=51524, stack(0x000000000d280000,0x000000000d380000)]
  0x0000000003170800 JavaThread "main" [_thread_blocked, id=100560, stack(0x0000000002cb0000,0x0000000002db0000)]

Other Threads:
  0x000000000c057800 VMThread [stack: 0x000000000d180000,0x000000000d280000] [id=81564]
  0x000000000c148000 WatcherThread [stack: 0x000000000dc80000,0x000000000dd80000] [id=79752]

VM state:not at safepoint (normal execution)

VM Mutex/Monitor currently owned by a thread: None

Heap
 PSYoungGen      total 37760K, used 1943K [0x00000007d5d60000, 0x00000007d8780000, 0x0000000800000000)
  eden space 32384K, 6% used [0x00000007d5d60000,0x00000007d5f45ce0,0x00000007d7d00000)
  from space 5376K, 0% used [0x00000007d8240000,0x00000007d8240000,0x00000007d8780000)
  to   space 5376K, 0% used [0x00000007d7d00000,0x00000007d7d00000,0x00000007d8240000)
 ParOldGen       total 86336K, used 0K [0x0000000781800000, 0x0000000786c50000, 0x00000007d5d60000)
  object space 86336K, 0% used [0x0000000781800000,0x0000000781800000,0x0000000786c50000)
 PSPermGen       total 21248K, used 2758K [0x000000077c600000, 0x000000077dac0000, 0x0000000781800000)
  object space 21248K, 12% used [0x000000077c600000,0x000000077c8b1b58,0x000000077dac0000)

Card table byte_map: [0x0000000006270000,0x0000000006690000] byte_map_base: 0x000000000268d000

Polling page: 0x00000000012a0000

Code Cache  [0x0000000003270000, 0x00000000034e0000, 0x0000000006270000)
 total_blobs=180 nmethods=2 adapters=138 free_code_cache=48769Kb largest_free_block=49921216

Compilation events (4 events):
Event: 0.386 Thread 0x000000000c11c000    1             java.lang.String::charAt (29 bytes)
Event: 0.397 Thread 0x000000000c11c000 nmethod 1 0x00000000032cf6d0 code [0x00000000032cf820, 0x00000000032cf8f8]
Event: 0.423 Thread 0x000000000c134800    2             java.lang.String::hashCode (55 bytes)
Event: 0.429 Thread 0x000000000c134800 nmethod 2 0x00000000032ceb50 code [0x00000000032cec80, 0x00000000032cee18]

GC Heap History (0 events):
No events

Deoptimization events (0 events):
No events

Internal exceptions (2 events):
Event: 0.118 Thread 0x0000000003170800 Threw 0x00000007d5d661b0 at C:\jdk7u2_64p\jdk7u21\hotspot\src\share\vm\prims\jni.cpp:3994
Event: 0.380 Thread 0x0000000003170800 Threw 0x00000007d5e0a978 at C:\jdk7u2_64p\jdk7u21\hotspot\src\share\vm\prims\jvm.cpp:1166

Events (10 events):
Event: 43.704 Executing VM operation: GetCurrentLocation
Event: 43.704 Executing VM operation: GetCurrentLocation done
Event: 43.704 Executing VM operation: ChangeSingleStep
Event: 43.704 Executing VM operation: ChangeSingleStep done
Event: 43.705 Executing VM operation: ChangeSingleStep
Event: 43.705 Executing VM operation: ChangeSingleStep done
Event: 43.705 Executing VM operation: ForceSafepoint
Event: 43.705 Executing VM operation: ForceSafepoint done
Event: 44.089 Executing VM operation: GetOrSetLocal
Event: 44.089 Executing VM operation: GetOrSetLocal done


Dynamic libraries:
0x00007ff74a0f0000 - 0x00007ff74a123000 	D:\Program Files\Java\jdk1.7.0_21\bin\java.exe
0x00007ffbff030000 - 0x00007ffbff1d9000 	C:\Windows\SYSTEM32\ntdll.dll
0x00007ffbfc900000 - 0x00007ffbfca39000 	C:\Windows\system32\KERNEL32.DLL
0x00007ffbfc7b0000 - 0x00007ffbfc8be000 	C:\Windows\system32\KERNELBASE.dll
0x00007ffbfafe0000 - 0x00007ffbfb06b000 	C:\Windows\system32\apphelp.dll
0x00007ffbeba80000 - 0x00007ffbebacc000 	C:\Windows\AppPatch\AppPatch64\AcGenral.DLL
0x00007ffbfcde0000 - 0x00007ffbfce87000 	C:\Windows\system32\msvcrt.dll
0x00007ffbfc260000 - 0x00007ffbfc28b000 	C:\Windows\SYSTEM32\SspiCli.dll
0x00007ffbfd050000 - 0x00007ffbfd0a1000 	C:\Windows\system32\SHLWAPI.dll
0x00007ffbfcaf0000 - 0x00007ffbfcc61000 	C:\Windows\system32\USER32.dll
0x00007ffbfd580000 - 0x00007ffbfd6f6000 	C:\Windows\system32\ole32.dll
0x00007ffbfda40000 - 0x00007ffbfee4f000 	C:\Windows\system32\SHELL32.dll
0x00007ffbfba40000 - 0x00007ffbfba5f000 	C:\Windows\SYSTEM32\USERENV.dll
0x00007ffbfcc70000 - 0x00007ffbfcd15000 	C:\Windows\system32\ADVAPI32.dll
0x00007ffbf4350000 - 0x00007ffbf436b000 	C:\Windows\SYSTEM32\MPR.dll
0x00007ffbfd760000 - 0x00007ffbfd896000 	C:\Windows\system32\RPCRT4.dll
0x00007ffbfd4d0000 - 0x00007ffbfd527000 	C:\Windows\SYSTEM32\sechost.dll
0x00007ffbfd2f0000 - 0x00007ffbfd4c7000 	C:\Windows\SYSTEM32\combase.dll
0x00007ffbfce90000 - 0x00007ffbfcfd5000 	C:\Windows\system32\GDI32.dll
0x00007ffbfc3b0000 - 0x00007ffbfc3c4000 	C:\Windows\SYSTEM32\profapi.dll
0x00007ffbfac80000 - 0x00007ffbfad21000 	C:\Windows\SYSTEM32\SHCORE.dll
0x00007ffbfc8c0000 - 0x00007ffbfc8f4000 	C:\Windows\system32\IMM32.DLL
0x00007ffbfd110000 - 0x00007ffbfd248000 	C:\Windows\system32\MSCTF.dll
0x00007ffbfa5a0000 - 0x00007ffbfa7fa000 	C:\Windows\WinSxS\amd64_microsoft.windows.common-controls_6595b64144ccf1df_6.0.9600.16384_none_62475f7becb72503\COMCTL32.dll
0x0000000063130000 - 0x0000000063201000 	D:\Program Files\Java\jdk1.7.0_21\jre\bin\msvcr100.dll
0x0000000062a00000 - 0x0000000063121000 	D:\Program Files\Java\jdk1.7.0_21\jre\bin\server\jvm.dll
0x00007ffbf1340000 - 0x00007ffbf1349000 	C:\Windows\SYSTEM32\WSOCK32.dll
0x00007ffbf9d40000 - 0x00007ffbf9d5f000 	C:\Windows\SYSTEM32\WINMM.dll
0x00007ffbfd570000 - 0x00007ffbfd577000 	C:\Windows\system32\PSAPI.DLL
0x00007ffbfd700000 - 0x00007ffbfd758000 	C:\Windows\system32\WS2_32.dll
0x00007ffbf9ca0000 - 0x00007ffbf9cca000 	C:\Windows\SYSTEM32\WINMMBASE.dll
0x00007ffbfd530000 - 0x00007ffbfd539000 	C:\Windows\system32\NSI.dll
0x00007ffbfc760000 - 0x00007ffbfc7aa000 	C:\Windows\SYSTEM32\cfgmgr32.dll
0x00007ffbfb230000 - 0x00007ffbfb256000 	C:\Windows\SYSTEM32\DEVOBJ.dll
0x00000000629f0000 - 0x00000000629ff000 	D:\Program Files\Java\jdk1.7.0_21\jre\bin\verify.dll
0x00000000629c0000 - 0x00000000629e8000 	D:\Program Files\Java\jdk1.7.0_21\jre\bin\java.dll
0x0000000062980000 - 0x00000000629b5000 	D:\Program Files\Java\jdk1.7.0_21\jre\bin\jdwp.dll
0x0000000062970000 - 0x0000000062978000 	D:\Program Files\Java\jdk1.7.0_21\jre\bin\npt.dll
0x0000000062950000 - 0x0000000062965000 	D:\Program Files\Java\jdk1.7.0_21\jre\bin\zip.dll
0x0000000062940000 - 0x0000000062949000 	D:\Program Files\Java\jdk1.7.0_21\jre\bin\dt_socket.dll
0x00007ffbfbce0000 - 0x00007ffbfbd38000 	C:\Windows\system32\mswsock.dll
0x00007ffbe13c0000 - 0x00007ffbe1548000 	C:\Windows\SYSTEM32\dbghelp.dll

VM Arguments:
jvm_args: -agentlib:jdwp=transport=dt_socket,address=127.0.0.1:56747,suspend=y,server=n -Dfile.encoding=UTF-8 
java_command: util.Test
Launcher Type: SUN_STANDARD

Environment Variables:
JAVA_HOME=D:\Program Files\Java\jdk1.7.0_21
CLASSPATH=D:\Program Files\Java\jdk1.7.0_21\bin\lib\dt.jar;D:\Program Files\Java\jdk1.7.0_21\bin\lib\tools.jar;D:\JDBC\mysql-connector-java-5.1.18-bin.jar
PATH=D:\PROGRA~1\Borland\CBUILD~1\Bin;D:\PROGRA~1\Borland\CBUILD~1\Projects\Bpl;C:\Program Files (x86)\NVIDIA Corporation\PhysX\Common;C:\Windows\system32;C:\Windows;C:\Windows\System32\Wbem;C:\Windows\System32\WindowsPowerShell\v1.0\;C:\Program Files\Intel\WiFi\bin\;C:\Program Files\Common Files\Intel\WirelessCommon\;D:\Program Files (x86)\Microsoft SQL Server\110\DTS\Binn\;D:\Program Files (x86)\Microsoft SQL Server\110\Tools\Binn\;D:\Program Files (x86)\Microsoft SQL Server\110\Tools\Binn\ManagementStudio\;C:\Program Files (x86)\Microsoft Visual Studio 10.0\Common7\IDE\PrivateAssemblies\;D:\Program Files\Git\cmd;D:\Program Files\Java\jdk1.7.0_21\bin;D:\Program Files\Java\jdk1.7.0_21\jre\bin;C:\Program Files\Intel\WiFi\bin\;C:\Program Files\Common Files\Intel\WirelessCommon\;C:\Program Files (x86)\MySQL\MySQL Server 5.0\bin
USERNAME=asus
OS=Windows_NT
PROCESSOR_IDENTIFIER=Intel64 Family 6 Model 61 Stepping 4, GenuineIntel



---------------  S Y S T E M  ---------------

OS: Windows 8 , 64 bit Build 9200 

CPU:total 4 (2 cores per cpu, 2 threads per core) family 6 model 61 stepping 4, cmov, cx8, fxsr, mmx, sse, sse2, sse3, ssse3, sse4.1, sse4.2, popcnt, avx, avx2, ht, tsc, tscinvbit

Memory: 4k page, physical 8285604k(4347148k free), swap 10537416k(5797240k free)

vm_info: Java HotSpot(TM) 64-Bit Server VM (23.21-b01) for windows-amd64 JRE (1.7.0_21-b11), built on Apr  4 2013 08:11:28 by "java_re" with unknown MS VC++:1600

time: Fri Sep 15 08:54:25 2017
elapsed time: 47 seconds

